<?xml version="1.0" encoding="UTF-8"?>
<!DOCTYPE properties SYSTEM "http://java.sun.com/dtd/properties.dtd">
<properties version="1.0">
  <comment>Test run arguments</comment>
  <entry key="iut">test.gpkg</entry>
<entry key="ics">Core,Tiles,Features,Extensions,RTree Index,Metadata,Schema,CRS WKT,Tiled Gridded Elevation Data</entry>
</properties>
